{
  "RSpec": {
    "coverage": {
      "/Users/palopiie/General Assembly/Week 12/deliver_me/app/helpers/application_helper.rb": [
        1,
        null
      ],
      "/Users/palopiie/General Assembly/Week 12/deliver_me/app/controllers/tasks_controller.rb": [
        1,
        null,
        1,
        null,
        1,
        2,
        2,
        null,
        null,
        1,
        2,
        2,
        0,
        null,
        null,
        1,
        0,
        0,
        0,
        null,
        null,
        1,
        0,
        0,
        0,
        null,
        null,
        1,
        0,
        0,
        0,
        0,
        0,
        0,
        null,
        null,
        1,
        null,
        1,
        0,
        null,
        null,
        1,
        2,
        null,
        null,
        null,
        null
      ],
      "/Users/palopiie/General Assembly/Week 12/deliver_me/app/controllers/application_controller.rb": [
        1,
        null,
        null,
        1,
        null,
        1,
        null,
        1,
        null,
        1,
        7,
        0,
        null,
        null,
        7,
        7,
        null,
        null,
        null,
        null
      ],
      "/Users/palopiie/General Assembly/Week 12/deliver_me/app/controllers/users_controller.rb": [
        1,
        1,
        1,
        null,
        null,
        1,
        2,
        2,
        2,
        null,
        null,
        1,
        null,
        1,
        2,
        null,
        null
      ],
      "/Users/palopiie/General Assembly/Week 12/deliver_me/app/models/message.rb": [
        null,
        null,
        null,
        null,
        null,
        null,
        null,
        null,
        null,
        null,
        null,
        null,
        1,
        1,
        1,
        null
      ],
      "/Users/palopiie/General Assembly/Week 12/deliver_me/app/models/task.rb": [
        null,
        null,
        null,
        null,
        null,
        null,
        null,
        null,
        null,
        null,
        null,
        null,
        null,
        null,
        null,
        null,
        null,
        null,
        null,
        null,
        null,
        null,
        null,
        1,
        1,
        1,
        1,
        null,
        1,
        null,
        1,
        12,
        12,
        0,
        0,
        null,
        null,
        12,
        12,
        0,
        0,
        null,
        null,
        null,
        null
      ],
      "/Users/palopiie/General Assembly/Week 12/deliver_me/app/models/user.rb": [
        null,
        null,
        null,
        null,
        null,
        null,
        null,
        null,
        null,
        null,
        null,
        null,
        null,
        null,
        null,
        null,
        null,
        1,
        1,
        1,
        1,
        null,
        1,
        null,
        1,
        1,
        1,
        null,
        1,
        null,
        1,
        2,
        2,
        0,
        0,
        null,
        2,
        2,
        null,
        null,
        null
      ]
    },
    "timestamp": 1408594507
  }
}
